d:\dropbox\code\c++\bomberrun\bomberrun\debug\vc141.pdb
d:\dropbox\code\c++\bomberrun\bomberrun\debug\vc141.idb
d:\dropbox\code\c++\bomberrun\bomberrun\debug\vectors.obj
d:\dropbox\code\c++\bomberrun\bomberrun\debug\title.obj
d:\dropbox\code\c++\bomberrun\bomberrun\debug\textcache.obj
d:\dropbox\code\c++\bomberrun\bomberrun\debug\statemachine.obj
d:\dropbox\code\c++\bomberrun\bomberrun\debug\player.obj
d:\dropbox\code\c++\bomberrun\bomberrun\debug\plane.obj
d:\dropbox\code\c++\bomberrun\bomberrun\debug\particleengine.obj
d:\dropbox\code\c++\bomberrun\bomberrun\debug\particle.obj
d:\dropbox\code\c++\bomberrun\bomberrun\debug\mediacache.obj
d:\dropbox\code\c++\bomberrun\bomberrun\debug\main.obj
d:\dropbox\code\c++\bomberrun\bomberrun\debug\level.obj
d:\dropbox\code\c++\bomberrun\bomberrun\debug\imagecache.obj
d:\dropbox\code\c++\bomberrun\bomberrun\debug\gametexture.obj
d:\dropbox\code\c++\bomberrun\bomberrun\debug\fontcache.obj
d:\dropbox\code\c++\bomberrun\bomberrun\debug\engine.obj
d:\dropbox\code\c++\bomberrun\bomberrun\debug\collisionengine.obj
d:\dropbox\code\c++\bomberrun\bomberrun\debug\cloud.obj
d:\dropbox\code\c++\bomberrun\bomberrun\debug\building.obj
d:\dropbox\code\c++\bomberrun\bomberrun\debug\bomb.obj
d:\dropbox\code\c++\bomberrun\bomberrun\debug\audiocache.obj
d:\dropbox\code\c++\bomberrun\debug\bomberrun.ilk
d:\dropbox\code\c++\bomberrun\debug\bomberrun.exe
d:\dropbox\code\c++\bomberrun\debug\bomberrun.pdb
d:\dropbox\code\c++\bomberrun\bomberrun\debug\bomberrun.tlog\cl.command.1.tlog
d:\dropbox\code\c++\bomberrun\bomberrun\debug\bomberrun.tlog\cl.read.1.tlog
d:\dropbox\code\c++\bomberrun\bomberrun\debug\bomberrun.tlog\cl.write.1.tlog
d:\dropbox\code\c++\bomberrun\bomberrun\debug\bomberrun.tlog\link.command.1.tlog
d:\dropbox\code\c++\bomberrun\bomberrun\debug\bomberrun.tlog\link.read.1.tlog
d:\dropbox\code\c++\bomberrun\bomberrun\debug\bomberrun.tlog\link.write.1.tlog
